<?xml version="1.0" encoding="UTF-8"?>
<!-- Generated by org.testng.reporters.JUnitReportReporter -->
<testsuite hostname="IBM-494S2F3" failures="0" tests="1" name="SeleniumFramework.AutomationScriptPage" time="13.219" errors="0" timestamp="2024-09-05T15:57:30 IST" skipped="0">
  <testcase classname="SeleniumFramework.AutomationScriptPage" name="login" time="13.219"/>
  <system-out/>
</testsuite> <!-- SeleniumFramework.AutomationScriptPage -->
